<?xml version="1.0" encoding="UTF-8"?>
<testng-results ignored="0" total="1" passed="1" failed="0" skipped="0">
  <reporter-output>
  </reporter-output>
  <suite started-at="2024-08-15T15:08:24 IST" name="Default suite" finished-at="2024-08-15T15:08:29 IST" duration-ms="5027">
    <groups>
    </groups>
    <test started-at="2024-08-15T15:08:24 IST" name="Default test" finished-at="2024-08-15T15:08:29 IST" duration-ms="5027">
      <class name="com.Selenium.WebDriver.ThreadLocalDriver">
        <test-method signature="runTest()[pri:0, instance:com.Selenium.WebDriver.ThreadLocalDriver@2fb3536e]" started-at="2024-08-15T15:08:24 IST" name="runTest" finished-at="2024-08-15T15:08:29 IST" duration-ms="4988" status="PASS">
          <reporter-output>
          </reporter-output>
        </test-method> <!-- runTest -->
      </class> <!-- com.Selenium.WebDriver.ThreadLocalDriver -->
    </test> <!-- Default test -->
  </suite> <!-- Default suite -->
</testng-results>
