<?xml version="1.0" encoding="UTF-8"?>
<testng-results ignored="0" total="1" passed="1" failed="0" skipped="0">
  <reporter-output>
  </reporter-output>
  <suite started-at="2024-08-15T19:52:26 IST" name="Suite" finished-at="2024-08-15T19:52:39 IST" duration-ms="13430">
    <groups>
    </groups>
    <test started-at="2024-08-15T19:52:26 IST" name="Test" finished-at="2024-08-15T19:52:39 IST" duration-ms="13430">
      <class name="com.Selenium.WebDriver.ThreadLocalDriver">
        <test-method signature="runTest(java.lang.String,java.lang.String)[pri:0, instance:com.Selenium.WebDriver.ThreadLocalDriver@4313f5bc]" started-at="2024-08-15T19:52:26 IST" name="runTest" finished-at="2024-08-15T19:52:39 IST" duration-ms="13389" status="PASS">
          <params>
            <param index="0">
              <value>
                <![CDATA[Chrome]]>
              </value>
            </param>
            <param index="1">
              <value>
                <![CDATA[https://magento.softwaretestingboard.com/]]>
              </value>
            </param>
          </params>
          <reporter-output>
          </reporter-output>
        </test-method> <!-- runTest -->
      </class> <!-- com.Selenium.WebDriver.ThreadLocalDriver -->
    </test> <!-- Test -->
  </suite> <!-- Suite -->
</testng-results>
